<?xml version="1.0" encoding="UTF-8"?>
<!-- Generated by org.testng.reporters.JUnitReportReporter -->
<testsuite skipped="0" hostname="Subham" name="com.qa.tests.LoginPageTest" tests="5" failures="0" timestamp="2019-11-24T14:55:37 IST" time="130.998" errors="0">
  <testcase name="verifyKiposLogo" time="24.827" classname="com.qa.tests.LoginPageTest"/>
  <testcase name="verifyPOSText" time="20.175" classname="com.qa.tests.LoginPageTest"/>
  <testcase name="verifyEmail" time="17.943" classname="com.qa.tests.LoginPageTest"/>
  <testcase name="verifyPassword" time="26.450" classname="com.qa.tests.LoginPageTest"/>
  <testcase name="verifyLogin" time="41.603" classname="com.qa.tests.LoginPageTest"/>
</testsuite> <!-- com.qa.tests.LoginPageTest -->
