<?xml version="1.0" encoding="UTF-8"?>
<!-- Generated by org.testng.reporters.JUnitReportReporter -->
<testsuite skipped="0" hostname="Subham" name="com.qa.tests.LoginPageTest" tests="5" failures="0" timestamp="2019-11-24T19:44:11 IST" time="168.826" errors="0">
  <testcase name="verifyKiposLogo" time="33.474" classname="com.qa.tests.LoginPageTest"/>
  <testcase name="verifyPOSText" time="22.762" classname="com.qa.tests.LoginPageTest"/>
  <testcase name="verifyEmail" time="33.235" classname="com.qa.tests.LoginPageTest"/>
  <testcase name="verifyPassword" time="37.394" classname="com.qa.tests.LoginPageTest"/>
  <testcase name="verifyLogin" time="41.961" classname="com.qa.tests.LoginPageTest"/>
</testsuite> <!-- com.qa.tests.LoginPageTest -->
